I, [2022-04-19T11:46:41.888414 #32380]  INFO -- : Received OPTIONS request for mock service administration endpoint DELETE /interactions. Returning CORS headers: {"Access-Control-Allow-Origin"=>"http://localhost:9876", "Access-Control-Allow-Headers"=>"content-type,x-pact-mock-service", "Access-Control-Allow-Methods"=>"DELETE, POST, GET, HEAD, PUT, TRACE, CONNECT, PATCH"}.
I, [2022-04-19T11:46:41.891926 #32380]  INFO -- : Cleared interactions
I, [2022-04-19T11:46:41.896588 #32380]  INFO -- : Registered expected interaction GET /v1/books
D, [2022-04-19T11:46:41.896898 #32380] DEBUG -- : {
  "description": "Get books inventory",
  "providerState": "several products",
  "request": {
    "method": "GET",
    "path": "/v1/books"
  },
  "response": {
    "status": 200,
    "headers": {
      "Content-Type": "application/json"
    },
    "body": {
      "json_class": "Pact::SomethingLike",
      "contents": [
        {
          "id": "e72ad291-5818-4e92-9344-a8050656c9b2",
          "name": "Clean Code: A Handbook of Agile Software Craftsmanship",
          "price": 30
        }
      ]
    }
  },
  "metadata": null
}
I, [2022-04-19T11:46:41.910740 #32380]  INFO -- : Received request GET /v1/books
D, [2022-04-19T11:46:41.910998 #32380] DEBUG -- : {
  "path": "/v1/books",
  "query": "",
  "method": "get",
  "headers": {
    "X-Forwarded-Host": "localhost:9876",
    "X-Forwarded-Proto": "http",
    "X-Forwarded-Port": "9876",
    "X-Forwarded-For": "127.0.0.1",
    "Cookie": "io=lejt3NUVUDX0NReqAAAA",
    "Accept-Language": "fr-FR,fr;q=0.9,en-US;q=0.8,en;q=0.7",
    "Accept-Encoding": "gzip, deflate, br",
    "Referer": "http://localhost:9876/context.html",
    "Sec-Fetch-Dest": "empty",
    "Sec-Fetch-Mode": "cors",
    "Sec-Fetch-Site": "same-origin",
    "Sec-Ch-Ua-Platform": "\"macOS\"",
    "User-Agent": "Mozilla/5.0 (Macintosh; Intel Mac OS X 10_15_7) AppleWebKit/537.36 (KHTML, like Gecko) Chrome/100.0.4896.127 Safari/537.36",
    "Sec-Ch-Ua-Mobile": "?0",
    "Accept": "application/json, text/plain, */*",
    "Sec-Ch-Ua": "\" Not A;Brand\";v=\"99\", \"Chromium\";v=\"100\", \"Google Chrome\";v=\"100\"",
    "Connection": "close",
    "Host": "localhost:9876",
    "Version": "HTTP/1.1"
  }
}
I, [2022-04-19T11:46:41.911215 #32380]  INFO -- : Found matching response for GET /v1/books
D, [2022-04-19T11:46:41.911269 #32380] DEBUG -- : {
  "status": 200,
  "headers": {
    "Content-Type": "application/json"
  },
  "body": {
    "json_class": "Pact::SomethingLike",
    "contents": [
      {
        "id": "e72ad291-5818-4e92-9344-a8050656c9b2",
        "name": "Clean Code: A Handbook of Agile Software Craftsmanship",
        "price": 30
      }
    ]
  }
}
I, [2022-04-19T11:46:41.916302 #32380]  INFO -- : Received OPTIONS request for mock service administration endpoint GET /interactions/verification. Returning CORS headers: {"Access-Control-Allow-Origin"=>"http://localhost:9876", "Access-Control-Allow-Headers"=>"content-type,x-pact-mock-service", "Access-Control-Allow-Methods"=>"DELETE, POST, GET, HEAD, PUT, TRACE, CONNECT, PATCH"}.
I, [2022-04-19T11:46:41.917990 #32380]  INFO -- : Verifying - interactions matched
I, [2022-04-19T11:46:41.920324 #32380]  INFO -- : Cleared interactions
I, [2022-04-19T11:46:41.924110 #32380]  INFO -- : Received OPTIONS request for mock service administration endpoint POST /pact. Returning CORS headers: {"Access-Control-Allow-Origin"=>"http://localhost:9876", "Access-Control-Allow-Headers"=>"content-type,x-pact-mock-service", "Access-Control-Allow-Methods"=>"DELETE, POST, GET, HEAD, PUT, TRACE, CONNECT, PATCH"}.
I, [2022-04-19T11:46:41.926599 #32380]  INFO -- : Writing pact for inventory-service to /Users/max/workspace/test-devoxx/devoxx2020-contract-testing-part-2-solution/book-shop-basket/pacts/book-shop-basket-inventory-service.json
I, [2022-04-19T11:46:41.930289 #32380]  INFO -- : Cleared interactions
